<?xml version="1.0" encoding="UTF-8"?>
<testng-results ignored="0" total="1" passed="1" failed="0" skipped="0">
  <reporter-output>
  </reporter-output>
  <suite started-at="2021-04-23T10:14:16Z" name="Default suite" finished-at="2021-04-23T10:14:43Z" duration-ms="26607">
    <groups>
    </groups>
    <test started-at="2021-04-23T10:14:16Z" name="Default test" finished-at="2021-04-23T10:14:43Z" duration-ms="26607">
      <class name="com.herokuapp.theinternet.PositiveTests">
        <test-method signature="loginTest()[pri:0, instance:com.herokuapp.theinternet.PositiveTests@4b7dc788]" started-at="2021-04-23T10:14:16Z" name="loginTest" finished-at="2021-04-23T10:14:43Z" duration-ms="26577" status="PASS">
          <reporter-output>
          </reporter-output>
        </test-method> <!-- loginTest -->
      </class> <!-- com.herokuapp.theinternet.PositiveTests -->
    </test> <!-- Default test -->
  </suite> <!-- Default suite -->
</testng-results>
