<?xml version="1.0" encoding="UTF-8"?>
<!-- Generated by org.testng.reporters.JUnitXMLReporter -->
<testsuite ignored="0" hostname="LAPTOP-24VISA1M" failures="0" tests="2" name="NegativeTests" time="33.616" errors="0" timestamp="22 Apr 2021 04:56:11 GMT">
  <testcase classname="com.herokuapp.theinternet.NegativeTests" name="incorrectPasswordTest" time="17.591"/>
  <testcase classname="com.herokuapp.theinternet.NegativeTests" name="incorrectUsernameTest" time="16.022"/>
</testsuite> <!-- NegativeTests -->
