<?xml version="1.0" encoding="UTF-8"?>
<testng-results skipped="0" failed="0" ignored="0" total="2" passed="2">
  <reporter-output>
  </reporter-output>
  <suite name="Surefire suite" duration-ms="42170" started-at="2021-04-22T06:52:21Z" finished-at="2021-04-22T06:53:04Z">
    <groups>
    </groups>
    <test name="Surefire test" duration-ms="42170" started-at="2021-04-22T06:52:21Z" finished-at="2021-04-22T06:53:04Z">
      <class name="com.herokuapp.theinternet.NegativeTests">
        <test-method status="PASS" signature="incorrectPasswordTest()[pri:0, instance:com.herokuapp.theinternet.NegativeTests@42d3bd8b]" name="incorrectPasswordTest" duration-ms="23518" started-at="2021-04-22T06:52:21Z" finished-at="2021-04-22T06:52:45Z">
          <reporter-output>
          </reporter-output>
        </test-method> <!-- incorrectPasswordTest -->
        <test-method status="PASS" signature="incorrectUsernameTest()[pri:0, instance:com.herokuapp.theinternet.NegativeTests@42d3bd8b]" name="incorrectUsernameTest" duration-ms="18629" started-at="2021-04-22T06:52:45Z" finished-at="2021-04-22T06:53:04Z">
          <reporter-output>
          </reporter-output>
        </test-method> <!-- incorrectUsernameTest -->
      </class> <!-- com.herokuapp.theinternet.NegativeTests -->
    </test> <!-- Surefire test -->
  </suite> <!-- Surefire suite -->
</testng-results>
