<?xml version="1.0" encoding="UTF-8"?>
<!-- Generated by org.testng.reporters.JUnitXMLReporter -->
<testsuite hostname="LAPTOP-24VISA1M" ignored="0" name="Surefire test" tests="2" failures="0" timestamp="22 Apr 2021 06:53:04 GMT" time="42.17" errors="0">
  <testcase name="incorrectPasswordTest" time="23.518" classname="com.herokuapp.theinternet.NegativeTests"/>
  <testcase name="incorrectUsernameTest" time="18.629" classname="com.herokuapp.theinternet.NegativeTests"/>
</testsuite> <!-- Surefire test -->
